<?xml version="1.0" encoding="UTF-8"?>
<!-- Generated by org.testng.reporters.JUnitReportReporter -->
<testsuite skipped="0" hostname="LAPTOP-TO602G7N" name="TEST.LoginTest" tests="2" failures="0" timestamp="2020-08-02T12:26:36 CDT" time="28.490" errors="0">
  <testcase name="addcontact" time="25.403" classname="TEST.LoginTest"/>
  <system-out/>
  <testcase name="ValidUserAbleToLogin" time="3.087" classname="TEST.LoginTest"/>
  <system-out/>
</testsuite> <!-- TEST.LoginTest -->
