<?xml version="1.0" encoding="UTF-8"?>
<!-- Generated by org.testng.reporters.JUnitReportReporter -->
<testsuite skipped="1" hostname="LAPTOP-TO602G7N" name="TEST.UserTest" tests="2" failures="0" timestamp="2020-08-01T17:16:17 CDT" time="1.867" errors="0">
  <testcase name="addcontact" time="0.000" classname="TEST.UserTest">
    <skipped/>
  </testcase> <!-- addcontact -->
  <system-out/>
  <testcase name="ValidUserAbleToLogin" time="1.867" classname="TEST.UserTest"/>
  <system-out/>
</testsuite> <!-- TEST.UserTest -->
