<?xml version="1.0" encoding="UTF-8"?>
<!-- Generated by org.testng.reporters.JUnitReportReporter -->
<testsuite skipped="0" hostname="LAPTOP-TO602G7N" name="TEST.LoginHRtest" tests="1" failures="0" timestamp="2020-07-24T19:18:54 CDT" time="7.068" errors="0">
  <testcase name="LoginWebHR" time="7.068" classname="TEST.LoginHRtest"/>
  <system-out/>
</testsuite> <!-- TEST.LoginHRtest -->
