<?xml version="1.0" encoding="UTF-8"?>
<!-- Generated by org.testng.reporters.JUnitReportReporter -->
<testsuite skipped="0" hostname="LAPTOP-TO602G7N" name="Util.BrowserFactory" tests="1" failures="0" timestamp="2020-07-31T15:46:07 CDT" time="6.995" errors="0">
  <testcase name="Browser" time="6.995" classname="Util.BrowserFactory"/>
  <system-out/>
</testsuite> <!-- Util.BrowserFactory -->
